#
# A fatal error has been detected by the Java Runtime Environment:
#
#  SIGSEGV (0xb) at pc=0xb6cb189d, pid=6503, tid=2260065088
#
# JRE version: Java(TM) SE Runtime Environment (8.0_20-b26) (build 1.8.0_20-b26)
# Java VM: Java HotSpot(TM) Server VM (25.20-b23 mixed mode linux-x86 )
# Problematic frame:
# V  [libjvm.so+0x52389d]  jni_GetStringUTFChars+0xad
#
# Failed to write core dump. Core dumps have been disabled. To enable core dumping, try "ulimit -c unlimited" before starting Java again
#
# If you would like to submit a bug report, please visit:
#   http://bugreport.sun.com/bugreport/crash.jsp
#

---------------  T H R E A D  ---------------

Current thread (0x870f6000):  JavaThread "AWT-EventQueue-0" [_thread_in_vm, id=6526, stack(0x86b0d000,0x86b5e000)]

siginfo: si_signo: 11 (SIGSEGV), si_code: 1 (SEGV_MAPERR), si_addr: 0x00000000

Registers:
EAX=0x00000000, EBX=0xb7118104, ECX=0xb7748000, EDX=0x86b5b6a8
ESP=0x86b5b680, EBP=0x86b5b6c8, ESI=0x00000ffc, EDI=0x870f6000
EIP=0xb6cb189d, EFLAGS=0x00010246, CR2=0x00000000

Top of Stack: (sp=0x86b5b680)
0x86b5b680:   86b5b6a8 870f6000 00000000 00000000
0x86b5b690:   86b5b6a8 86b5b758 0000000d 870f25f8
0x86b5b6a0:   0000000c 0000000d 870f6000 00000000
0x86b5b6b0:   870f6130 86b5b75c 870f6000 867fdfc4
0x86b5b6c0:   869e896c 870f6130 86b5b708 8679542e
0x86b5b6d0:   870f6130 00000000 00000000 00000048
0x86b5b6e0:   869e8970 85a35060 870f6000 000f6000
0x86b5b6f0:   869e8970 869e896c 867953ea 869e8970 

Instructions: (pc=0xb6cb189d)
0xb6cb187d:   10 c7 87 6c 01 00 00 06 00 00 00 50 50 8d 45 e0
0xb6cb188d:   57 89 45 c8 50 89 7d f0 e8 76 df 00 00 8b 45 0c
0xb6cb189d:   8b 30 8b 83 50 d1 ff ff c7 45 d0 00 00 00 00 83
0xb6cb18ad:   c4 10 8b 00 8b 04 06 85 c0 74 42 83 ec 0c 56 e8 

Register to memory mapping:

EAX=0x00000000 is an unknown value
EBX=0xb7118104: <offset 0x98a104> in /usr/local/jdk1.8.0_20/jre/lib/i386/server/libjvm.so at 0xb678e000
ECX=0xb7748000 is an unknown value
EDX=0x86b5b6a8 is pointing into the stack for thread: 0x870f6000
ESP=0x86b5b680 is pointing into the stack for thread: 0x870f6000
EBP=0x86b5b6c8 is pointing into the stack for thread: 0x870f6000
ESI=0x00000ffc is an unknown value
EDI=0x870f6000 is a thread


Stack: [0x86b0d000,0x86b5e000],  sp=0x86b5b680,  free space=313k
Native frames: (J=compiled Java code, j=interpreted, Vv=VM code, C=native code)
V  [libjvm.so+0x52389d]  jni_GetStringUTFChars+0xad
C  [sqlite-3.7.2-libsqlitejdbc.so+0x742e]  Java_org_sqlite_NativeDB__1exec+0x4f
j  org.sqlite.NativeDB._exec(Ljava/lang/String;)I+0
j  org.sqlite.Stmt.executeUpdate(Ljava/lang/String;)I+38
j  Sistem.SQLite.Query(Ljava/lang/String;)V+22
j  arprast.all.Master_Goods.Aksi()V+23
j  arprast.all.Master_Goods.<init>()V+118
j  arprast.hrdpro.Utama$3.actionPerformed(Ljava/awt/event/ActionEvent;)V+528
j  javax.swing.AbstractButton.fireActionPerformed(Ljava/awt/event/ActionEvent;)V+83
j  javax.swing.AbstractButton$Handler.actionPerformed(Ljava/awt/event/ActionEvent;)V+5
j  javax.swing.DefaultButtonModel.fireActionPerformed(Ljava/awt/event/ActionEvent;)V+34
j  javax.swing.DefaultButtonModel.setPressed(Z)V+117
j  javax.swing.AbstractButton.doClick(I)V+64
j  javax.swing.plaf.basic.BasicMenuItemUI.doClick(Ljavax/swing/MenuSelectionManager;)V+53
j  javax.swing.plaf.basic.BasicMenuItemUI$Handler.mouseReleased(Ljava/awt/event/MouseEvent;)V+76
j  java.awt.Component.processMouseEvent(Ljava/awt/event/MouseEvent;)V+64
j  javax.swing.JComponent.processMouseEvent(Ljava/awt/event/MouseEvent;)V+23
j  java.awt.Component.processEvent(Ljava/awt/AWTEvent;)V+81
j  java.awt.Container.processEvent(Ljava/awt/AWTEvent;)V+18
j  java.awt.Component.dispatchEventImpl(Ljava/awt/AWTEvent;)V+589
J 1433 C1 java.awt.Container.dispatchEventImpl(Ljava/awt/AWTEvent;)V (129 bytes) @ 0xa7866354 [0xa7866260+0xf4]
J 1432 C1 java.awt.Component.dispatchEvent(Ljava/awt/AWTEvent;)V (6 bytes) @ 0xa7867078 [0xa7866fa0+0xd8]
j  java.awt.LightweightDispatcher.retargetMouseEvent(Ljava/awt/Component;ILjava/awt/event/MouseEvent;)V+327
j  java.awt.LightweightDispatcher.processMouseEvent(Ljava/awt/event/MouseEvent;)Z+143
j  java.awt.LightweightDispatcher.dispatchEvent(Ljava/awt/AWTEvent;)Z+50
J 1433 C1 java.awt.Container.dispatchEventImpl(Ljava/awt/AWTEvent;)V (129 bytes) @ 0xa7866310 [0xa7866260+0xb0]
j  java.awt.Window.dispatchEventImpl(Ljava/awt/AWTEvent;)V+19
J 1432 C1 java.awt.Component.dispatchEvent(Ljava/awt/AWTEvent;)V (6 bytes) @ 0xa7867078 [0xa7866fa0+0xd8]
j  java.awt.EventQueue.dispatchEventImpl(Ljava/awt/AWTEvent;Ljava/lang/Object;)V+41
J 1537 C1 java.awt.EventQueue$3.run()Ljava/lang/Void; (60 bytes) @ 0xa78a71f8 [0xa78a7060+0x198]
j  java.awt.EventQueue$3.run()Ljava/lang/Object;+1
v  ~StubRoutines::call_stub
V  [libjvm.so+0x4d445f]  JavaCalls::call_helper(JavaValue*, methodHandle*, JavaCallArguments*, Thread*)+0x101f
V  [libjvm.so+0x71bc39]  os::os_exception_wrapper(void (*)(JavaValue*, methodHandle*, JavaCallArguments*, Thread*), JavaValue*, methodHandle*, JavaCallArguments*, Thread*)+0x19
V  [libjvm.so+0x4d2a2f]  JavaCalls::call(JavaValue*, methodHandle, JavaCallArguments*, Thread*)+0x2f
V  [libjvm.so+0x554a20]  JVM_DoPrivileged+0x2a0
C  [libjava.so+0x9e0a]  Java_java_security_AccessController_doPrivileged__Ljava_security_PrivilegedAction_2Ljava_security_AccessControlContext_2+0x3a
J 1317  java.security.AccessController.doPrivileged(Ljava/security/PrivilegedAction;Ljava/security/AccessControlContext;)Ljava/lang/Object; (0 bytes) @ 0xa78267cc [0xa7826720+0xac]
J 1373 C1 java.security.ProtectionDomain$1.doIntersectionPrivilege(Ljava/security/PrivilegedAction;Ljava/security/AccessControlContext;Ljava/security/AccessControlContext;)Ljava/lang/Object; (32 bytes) @ 0xa783d6cc [0xa783d460+0x26c]
j  java.security.ProtectionDomain$1.doIntersectionPrivilege(Ljava/security/PrivilegedAction;Ljava/security/AccessControlContext;)Ljava/lang/Object;+6
j  java.awt.EventQueue$4.run()Ljava/lang/Void;+11
j  java.awt.EventQueue$4.run()Ljava/lang/Object;+1
v  ~StubRoutines::call_stub
V  [libjvm.so+0x4d445f]  JavaCalls::call_helper(JavaValue*, methodHandle*, JavaCallArguments*, Thread*)+0x101f
V  [libjvm.so+0x71bc39]  os::os_exception_wrapper(void (*)(JavaValue*, methodHandle*, JavaCallArguments*, Thread*), JavaValue*, methodHandle*, JavaCallArguments*, Thread*)+0x19
V  [libjvm.so+0x4d2a2f]  JavaCalls::call(JavaValue*, methodHandle, JavaCallArguments*, Thread*)+0x2f
V  [libjvm.so+0x554a20]  JVM_DoPrivileged+0x2a0
C  [libjava.so+0x9e0a]  Java_java_security_AccessController_doPrivileged__Ljava_security_PrivilegedAction_2Ljava_security_AccessControlContext_2+0x3a
J 1317  java.security.AccessController.doPrivileged(Ljava/security/PrivilegedAction;Ljava/security/AccessControlContext;)Ljava/lang/Object; (0 bytes) @ 0xa78267cc [0xa7826720+0xac]
J 1535 C1 java.awt.EventQueue.dispatchEvent(Ljava/awt/AWTEvent;)V (80 bytes) @ 0xa78a6088 [0xa78a56a0+0x9e8]
J 1540 C1 java.awt.EventDispatchThread.pumpOneEventForFilters(I)V (295 bytes) @ 0xa78a91b8 [0xa78a7c60+0x1558]
j  java.awt.EventDispatchThread.pumpEventsForFilter(ILjava/awt/Conditional;Ljava/awt/EventFilter;)V+35
j  java.awt.EventDispatchThread.pumpEventsForHierarchy(ILjava/awt/Conditional;Ljava/awt/Component;)V+11
j  java.awt.EventDispatchThread.pumpEvents(ILjava/awt/Conditional;)V+4
j  java.awt.EventDispatchThread.pumpEvents(Ljava/awt/Conditional;)V+3
j  java.awt.EventDispatchThread.run()V+9
v  ~StubRoutines::call_stub
V  [libjvm.so+0x4d445f]  JavaCalls::call_helper(JavaValue*, methodHandle*, JavaCallArguments*, Thread*)+0x101f
V  [libjvm.so+0x71bc39]  os::os_exception_wrapper(void (*)(JavaValue*, methodHandle*, JavaCallArguments*, Thread*), JavaValue*, methodHandle*, JavaCallArguments*, Thread*)+0x19
V  [libjvm.so+0x4d487c]  JavaCalls::call_virtual(JavaValue*, KlassHandle, Symbol*, Symbol*, JavaCallArguments*, Thread*)+0x25c
V  [libjvm.so+0x4d4cbb]  JavaCalls::call_virtual(JavaValue*, Handle, KlassHandle, Symbol*, Symbol*, Thread*)+0x4b
V  [libjvm.so+0x54aa3a]  thread_entry(JavaThread*, Thread*)+0x7a
V  [libjvm.so+0x849b99]  JavaThread::thread_main_inner()+0x109
V  [libjvm.so+0x849d1b]  JavaThread::run()+0x14b
V  [libjvm.so+0x723509]  java_start(Thread*)+0x119
C  [libpthread.so.0+0x6f70]  start_thread+0xd0
C  [libc.so.6+0xec4ce]  clone+0x5e

Java frames: (J=compiled Java code, j=interpreted, Vv=VM code)
j  org.sqlite.NativeDB._exec(Ljava/lang/String;)I+0
j  org.sqlite.Stmt.executeUpdate(Ljava/lang/String;)I+38
j  Sistem.SQLite.Query(Ljava/lang/String;)V+22
j  arprast.all.Master_Goods.Aksi()V+23
j  arprast.all.Master_Goods.<init>()V+118
j  arprast.hrdpro.Utama$3.actionPerformed(Ljava/awt/event/ActionEvent;)V+528
j  javax.swing.AbstractButton.fireActionPerformed(Ljava/awt/event/ActionEvent;)V+83
j  javax.swing.AbstractButton$Handler.actionPerformed(Ljava/awt/event/ActionEvent;)V+5
j  javax.swing.DefaultButtonModel.fireActionPerformed(Ljava/awt/event/ActionEvent;)V+34
j  javax.swing.DefaultButtonModel.setPressed(Z)V+117
j  javax.swing.AbstractButton.doClick(I)V+64
j  javax.swing.plaf.basic.BasicMenuItemUI.doClick(Ljavax/swing/MenuSelectionManager;)V+53
j  javax.swing.plaf.basic.BasicMenuItemUI$Handler.mouseReleased(Ljava/awt/event/MouseEvent;)V+76
j  java.awt.Component.processMouseEvent(Ljava/awt/event/MouseEvent;)V+64
j  javax.swing.JComponent.processMouseEvent(Ljava/awt/event/MouseEvent;)V+23
j  java.awt.Component.processEvent(Ljava/awt/AWTEvent;)V+81
j  java.awt.Container.processEvent(Ljava/awt/AWTEvent;)V+18
j  java.awt.Component.dispatchEventImpl(Ljava/awt/AWTEvent;)V+589
J 1433 C1 java.awt.Container.dispatchEventImpl(Ljava/awt/AWTEvent;)V (129 bytes) @ 0xa7866354 [0xa7866260+0xf4]
J 1432 C1 java.awt.Component.dispatchEvent(Ljava/awt/AWTEvent;)V (6 bytes) @ 0xa7867078 [0xa7866fa0+0xd8]
j  java.awt.LightweightDispatcher.retargetMouseEvent(Ljava/awt/Component;ILjava/awt/event/MouseEvent;)V+327
j  java.awt.LightweightDispatcher.processMouseEvent(Ljava/awt/event/MouseEvent;)Z+143
j  java.awt.LightweightDispatcher.dispatchEvent(Ljava/awt/AWTEvent;)Z+50
J 1433 C1 java.awt.Container.dispatchEventImpl(Ljava/awt/AWTEvent;)V (129 bytes) @ 0xa7866310 [0xa7866260+0xb0]
j  java.awt.Window.dispatchEventImpl(Ljava/awt/AWTEvent;)V+19
J 1432 C1 java.awt.Component.dispatchEvent(Ljava/awt/AWTEvent;)V (6 bytes) @ 0xa7867078 [0xa7866fa0+0xd8]
j  java.awt.EventQueue.dispatchEventImpl(Ljava/awt/AWTEvent;Ljava/lang/Object;)V+41
J 1537 C1 java.awt.EventQueue$3.run()Ljava/lang/Void; (60 bytes) @ 0xa78a71f8 [0xa78a7060+0x198]
j  java.awt.EventQueue$3.run()Ljava/lang/Object;+1
v  ~StubRoutines::call_stub
J 1317  java.security.AccessController.doPrivileged(Ljava/security/PrivilegedAction;Ljava/security/AccessControlContext;)Ljava/lang/Object; (0 bytes) @ 0xa7826788 [0xa7826720+0x68]
J 1373 C1 java.security.ProtectionDomain$1.doIntersectionPrivilege(Ljava/security/PrivilegedAction;Ljava/security/AccessControlContext;Ljava/security/AccessControlContext;)Ljava/lang/Object; (32 bytes) @ 0xa783d6cc [0xa783d460+0x26c]
j  java.security.ProtectionDomain$1.doIntersectionPrivilege(Ljava/security/PrivilegedAction;Ljava/security/AccessControlContext;)Ljava/lang/Object;+6
j  java.awt.EventQueue$4.run()Ljava/lang/Void;+11
j  java.awt.EventQueue$4.run()Ljava/lang/Object;+1
v  ~StubRoutines::call_stub
J 1317  java.security.AccessController.doPrivileged(Ljava/security/PrivilegedAction;Ljava/security/AccessControlContext;)Ljava/lang/Object; (0 bytes) @ 0xa7826788 [0xa7826720+0x68]
J 1535 C1 java.awt.EventQueue.dispatchEvent(Ljava/awt/AWTEvent;)V (80 bytes) @ 0xa78a6088 [0xa78a56a0+0x9e8]
J 1540 C1 java.awt.EventDispatchThread.pumpOneEventForFilters(I)V (295 bytes) @ 0xa78a91b8 [0xa78a7c60+0x1558]
j  java.awt.EventDispatchThread.pumpEventsForFilter(ILjava/awt/Conditional;Ljava/awt/EventFilter;)V+35
j  java.awt.EventDispatchThread.pumpEventsForHierarchy(ILjava/awt/Conditional;Ljava/awt/Component;)V+11
j  java.awt.EventDispatchThread.pumpEvents(ILjava/awt/Conditional;)V+4
j  java.awt.EventDispatchThread.pumpEvents(Ljava/awt/Conditional;)V+3
j  java.awt.EventDispatchThread.run()V+9
v  ~StubRoutines::call_stub

---------------  P R O C E S S  ---------------

Java Threads: ( => current thread )
  0x864fa000 JavaThread "TimerQueue" daemon [_thread_blocked, id=6529, stack(0x85986000,0x859d7000)]
  0x86639400 JavaThread "Image Fetcher 0" daemon [_thread_blocked, id=6528, stack(0x8673d000,0x8678e000)]
  0xb6508400 JavaThread "DestroyJavaVM" [_thread_blocked, id=6508, stack(0xb66f7000,0xb6748000)]
=>0x870f6000 JavaThread "AWT-EventQueue-0" [_thread_in_vm, id=6526, stack(0x86b0d000,0x86b5e000)]
  0x870f2c00 JavaThread "AWT-Shutdown" [_thread_blocked, id=6525, stack(0x86b5e000,0x86baf000)]
  0x870bdc00 JavaThread "AWT-XAWT" daemon [_thread_in_native, id=6524, stack(0x86daf000,0x86e00000)]
  0x870ab000 JavaThread "Java2D Disposer" daemon [_thread_blocked, id=6523, stack(0x86f2a000,0x86f7b000)]
  0x87cac800 JavaThread "Service Thread" daemon [_thread_blocked, id=6520, stack(0x87d19000,0x87d6a000)]
  0x87ca9400 JavaThread "C1 CompilerThread2" daemon [_thread_blocked, id=6519, stack(0x874fe000,0x8757f000)]
  0x87ca8000 JavaThread "C2 CompilerThread1" daemon [_thread_blocked, id=6518, stack(0x8757f000,0x87600000)]
  0x87ca6000 JavaThread "C2 CompilerThread0" daemon [_thread_in_native, id=6517, stack(0x8797f000,0x87a00000)]
  0x87ca4c00 JavaThread "Signal Dispatcher" daemon [_thread_blocked, id=6516, stack(0x8952e000,0x8957f000)]
  0x87c86400 JavaThread "Finalizer" daemon [_thread_blocked, id=6515, stack(0x8982e000,0x8987f000)]
  0x87c84c00 JavaThread "Reference Handler" daemon [_thread_blocked, id=6514, stack(0x89a11000,0x89a62000)]

Other Threads:
  0x87c80800 VMThread [stack: 0x87b7f000,0x87c00000] [id=6513]
  0x87cbec00 WatcherThread [stack: 0x8747d000,0x874fe000] [id=6521]

VM state:not at safepoint (normal execution)

VM Mutex/Monitor currently owned by a thread: None

Heap:
 PSYoungGen      total 8960K, used 7547K [0x9d400000, 0x9e580000, 0xa7000000)
  eden space 7680K, 81% used [0x9d400000,0x9da22a10,0x9db80000)
  from space 1280K, 98% used [0x9db80000,0x9dcbc498,0x9dcc0000)
  to   space 1280K, 0% used [0x9e440000,0x9e440000,0x9e580000)
 ParOldGen       total 20480K, used 5000K [0x89c00000, 0x8b000000, 0x9d400000)
  object space 20480K, 24% used [0x89c00000,0x8a0e2008,0x8b000000)
 Metaspace       used 12639K, capacity 12781K, committed 12952K, reserved 13616K

Card table byte_map: [0xa7055000,0xa7140000] byte_map_base: 0xa6c07000

Marking Bits: (ParMarkBitMap*) 0xb7144380
 Begin Bits: [0x88560000, 0x88cb0000)
 End Bits:   [0x88cb0000, 0x89400000)

Polling page: 0xb7749000

CodeCache: size=245760Kb used=4007Kb max_used=4007Kb free=241752Kb
 bounds [0xa7500000, 0xa78f0000, 0xb6500000]
 total_blobs=1913 nmethods=1607 adapters=221
 compilation: enabled

Compilation events (10 events):
Event: 6,847 Thread 0x87ca9400 1606  s    1       java.lang.StringBuffer::length (5 bytes)
Event: 6,847 Thread 0x87ca9400 nmethod 1606 0xa78e1688 code [0xa78e17a0, 0xa78e1980]
Event: 6,847 Thread 0x87ca9400 1602       3       javax.swing.InputMap::put (45 bytes)
Event: 6,848 Thread 0x87ca9400 nmethod 1602 0xa78e1088 code [0xa78e11e0, 0xa78e1518]
Event: 6,849 Thread 0x87ca8000 nmethod 1601 0xa78e0a08 code [0xa78e0b20, 0xa78e0e30]
Event: 6,884 Thread 0x87ca9400 1607       3       sun.awt.image.PNGImageDecoder::getInt (59 bytes)
Event: 6,885 Thread 0x87ca9400 nmethod 1607 0xa78e0648 code [0xa78e0760, 0xa78e08e0]
Event: 6,898 Thread 0x87ca6000 1608 % !   4       sun.awt.image.PNGImageDecoder::produceImage @ 960 (1920 bytes)
Event: 6,900 Thread 0x87ca9400 1609   !   3       javax.swing.JComponent::revalidate (76 bytes)
Event: 6,902 Thread 0x87ca9400 nmethod 1609 0xa78e8f08 code [0xa78e92e0, 0xa78eaa38]

GC Heap History (6 events):
Event: 0,777 GC heap before
{Heap before GC invocations=1 (full 0):
 PSYoungGen      total 8960K, used 7662K [0x9d400000, 0x9de00000, 0xa7000000)
  eden space 7680K, 99% used [0x9d400000,0x9db7b948,0x9db80000)
  from space 1280K, 0% used [0x9dcc0000,0x9dcc0000,0x9de00000)
  to   space 1280K, 0% used [0x9db80000,0x9db80000,0x9dcc0000)
 ParOldGen       total 20480K, used 0K [0x89c00000, 0x8b000000, 0x9d400000)
  object space 20480K, 0% used [0x89c00000,0x89c00000,0x8b000000)
 Metaspace       used 7611K, capacity 7737K, committed 7832K, reserved 8496K
Event: 0,784 GC heap after
Heap after GC invocations=1 (full 0):
 PSYoungGen      total 8960K, used 1271K [0x9d400000, 0x9de00000, 0xa7000000)
  eden space 7680K, 0% used [0x9d400000,0x9d400000,0x9db80000)
  from space 1280K, 99% used [0x9db80000,0x9dcbdc60,0x9dcc0000)
  to   space 1280K, 0% used [0x9dcc0000,0x9dcc0000,0x9de00000)
 ParOldGen       total 20480K, used 1303K [0x89c00000, 0x8b000000, 0x9d400000)
  object space 20480K, 6% used [0x89c00000,0x89d45f98,0x8b000000)
 Metaspace       used 7611K, capacity 7737K, committed 7832K, reserved 8496K
}
Event: 1,286 GC heap before
{Heap before GC invocations=2 (full 0):
 PSYoungGen      total 8960K, used 8950K [0x9d400000, 0x9de00000, 0xa7000000)
  eden space 7680K, 99% used [0x9d400000,0x9db7fcc0,0x9db80000)
  from space 1280K, 99% used [0x9db80000,0x9dcbdc60,0x9dcc0000)
  to   space 1280K, 0% used [0x9dcc0000,0x9dcc0000,0x9de00000)
 ParOldGen       total 20480K, used 1303K [0x89c00000, 0x8b000000, 0x9d400000)
  object space 20480K, 6% used [0x89c00000,0x89d45f98,0x8b000000)
 Metaspace       used 9971K, capacity 10075K, committed 10136K, reserved 10544K
Event: 1,292 GC heap after
Heap after GC invocations=2 (full 0):
 PSYoungGen      total 8960K, used 1264K [0x9d400000, 0x9de00000, 0xa7000000)
  eden space 7680K, 0% used [0x9d400000,0x9d400000,0x9db80000)
  from space 1280K, 98% used [0x9dcc0000,0x9ddfc090,0x9de00000)
  to   space 1280K, 0% used [0x9db80000,0x9db80000,0x9dcc0000)
 ParOldGen       total 20480K, used 4085K [0x89c00000, 0x8b000000, 0x9d400000)
  object space 20480K, 19% used [0x89c00000,0x89ffd598,0x8b000000)
 Metaspace       used 9971K, capacity 10075K, committed 10136K, reserved 10544K
}
Event: 1,607 GC heap before
{Heap before GC invocations=3 (full 0):
 PSYoungGen      total 8960K, used 8944K [0x9d400000, 0x9de00000, 0xa7000000)
  eden space 7680K, 100% used [0x9d400000,0x9db80000,0x9db80000)
  from space 1280K, 98% used [0x9dcc0000,0x9ddfc090,0x9de00000)
  to   space 1280K, 0% used [0x9db80000,0x9db80000,0x9dcc0000)
 ParOldGen       total 20480K, used 4085K [0x89c00000, 0x8b000000, 0x9d400000)
  object space 20480K, 19% used [0x89c00000,0x89ffd598,0x8b000000)
 Metaspace       used 11066K, capacity 11205K, committed 11288K, reserved 11568K
Event: 1,615 GC heap after
Heap after GC invocations=3 (full 0):
 PSYoungGen      total 8960K, used 1265K [0x9d400000, 0x9e580000, 0xa7000000)
  eden space 7680K, 0% used [0x9d400000,0x9d400000,0x9db80000)
  from space 1280K, 98% used [0x9db80000,0x9dcbc498,0x9dcc0000)
  to   space 1280K, 0% used [0x9e440000,0x9e440000,0x9e580000)
 ParOldGen       total 20480K, used 5000K [0x89c00000, 0x8b000000, 0x9d400000)
  object space 20480K, 24% used [0x89c00000,0x8a0e2008,0x8b000000)
 Metaspace       used 11066K, capacity 11205K, committed 11288K, reserved 11568K
}

Deoptimization events (10 events):
Event: 1,432 Thread 0x870f6000 Uncommon trap: reason=class_check action=maybe_recompile pc=0xa76717bc method=java.util.Properties$LineReader.readLine()I @ 62
Event: 1,578 Thread 0x870f6000 Uncommon trap: reason=unloaded action=reinterpret pc=0xa764abc0 method=java.lang.CharacterData.of(I)Ljava/lang/CharacterData; @ 96
Event: 2,224 Thread 0x870f6000 Uncommon trap: reason=class_check action=maybe_recompile pc=0xa762b984 method=java.lang.String.equals(Ljava/lang/Object;)Z @ 8
Event: 2,224 Thread 0x870f6000 Uncommon trap: reason=class_check action=maybe_recompile pc=0xa762b984 method=java.lang.String.equals(Ljava/lang/Object;)Z @ 8
Event: 2,383 Thread 0x870f6000 Uncommon trap: reason=class_check action=maybe_recompile pc=0xa762b984 method=java.lang.String.equals(Ljava/lang/Object;)Z @ 8
Event: 2,383 Thread 0x870f6000 Uncommon trap: reason=class_check action=maybe_recompile pc=0xa762b984 method=java.lang.String.equals(Ljava/lang/Object;)Z @ 8
Event: 4,782 Thread 0x870f6000 Uncommon trap: reason=class_check action=maybe_recompile pc=0xa77bba28 method=java.util.Hashtable.put(Ljava/lang/Object;Ljava/lang/Object;)Ljava/lang/Object; @ 60
Event: 4,782 Thread 0x870f6000 Uncommon trap: reason=class_check action=maybe_recompile pc=0xa77bba28 method=java.util.Hashtable.put(Ljava/lang/Object;Ljava/lang/Object;)Ljava/lang/Object; @ 60
Event: 4,782 Thread 0x870f6000 Uncommon trap: reason=class_check action=maybe_recompile pc=0xa77bba28 method=java.util.Hashtable.put(Ljava/lang/Object;Ljava/lang/Object;)Ljava/lang/Object; @ 60
Event: 4,782 Thread 0x870f6000 Uncommon trap: reason=class_check action=maybe_recompile pc=0xa77bba28 method=java.util.Hashtable.put(Ljava/lang/Object;Ljava/lang/Object;)Ljava/lang/Object; @ 60

Internal exceptions (10 events):
Event: 6,692 Thread 0x870f6000 Exception <a 'java/security/PrivilegedActionException'> (0x9d9727c8) thrown at [/HUDSON/workspace/8-2-build-linux-i586/jdk8u20/1074/hotspot/src/share/vm/prims/jvm.cpp, line 1275]
Event: 6,707 Thread 0x870f6000 Exception <a 'java/security/PrivilegedActionException'> (0x9d977e38) thrown at [/HUDSON/workspace/8-2-build-linux-i586/jdk8u20/1074/hotspot/src/share/vm/prims/jvm.cpp, line 1275]
Event: 6,722 Thread 0x870f6000 Exception <a 'java/security/PrivilegedActionException'> (0x9d97c4d8) thrown at [/HUDSON/workspace/8-2-build-linux-i586/jdk8u20/1074/hotspot/src/share/vm/prims/jvm.cpp, line 1275]
Event: 6,753 Thread 0x870f6000 Exception <a 'java/security/PrivilegedActionException'> (0x9d9b3c08) thrown at [/HUDSON/workspace/8-2-build-linux-i586/jdk8u20/1074/hotspot/src/share/vm/prims/jvm.cpp, line 1275]
Event: 6,767 Thread 0x870f6000 Exception <a 'java/security/PrivilegedActionException'> (0x9d9b9370) thrown at [/HUDSON/workspace/8-2-build-linux-i586/jdk8u20/1074/hotspot/src/share/vm/prims/jvm.cpp, line 1275]
Event: 6,839 Thread 0x870f6000 Exception <a 'java/security/PrivilegedActionException'> (0x9d9df850) thrown at [/HUDSON/workspace/8-2-build-linux-i586/jdk8u20/1074/hotspot/src/share/vm/prims/jvm.cpp, line 1275]
Event: 6,840 Thread 0x870f6000 Exception <a 'java/security/PrivilegedActionException'> (0x9d9e2c28) thrown at [/HUDSON/workspace/8-2-build-linux-i586/jdk8u20/1074/hotspot/src/share/vm/prims/jvm.cpp, line 1275]
Event: 6,900 Thread 0x870f6000 Exception <a 'java/security/PrivilegedActionException'> (0x9d9fdf50) thrown at [/HUDSON/workspace/8-2-build-linux-i586/jdk8u20/1074/hotspot/src/share/vm/prims/jvm.cpp, line 1275]
Event: 6,917 Thread 0x870f6000 Exception <a 'java/security/PrivilegedActionException'> (0x9da02c98) thrown at [/HUDSON/workspace/8-2-build-linux-i586/jdk8u20/1074/hotspot/src/share/vm/prims/jvm.cpp, line 1275]
Event: 6,917 Thread 0x870f6000 Exception <a 'java/security/PrivilegedActionException'> (0x9da05c98) thrown at [/HUDSON/workspace/8-2-build-linux-i586/jdk8u20/1074/hotspot/src/share/vm/prims/jvm.cpp, line 1275]

Events (10 events):
Event: 6,898 Executing VM operation: RevokeBias
Event: 6,898 Executing VM operation: RevokeBias done
Event: 6,899 Executing VM operation: RevokeBias
Event: 6,899 Executing VM operation: RevokeBias done
Event: 6,900 loading class arprast/all/Master_Goods$1
Event: 6,900 loading class arprast/all/Master_Goods$1 done
Event: 6,916 loading class org/sqlite/ExtendedCommand
Event: 6,916 loading class org/sqlite/ExtendedCommand done
Event: 6,917 loading class org/sqlite/ExtendedCommand$SQLExtension
Event: 6,917 loading class org/sqlite/ExtendedCommand$SQLExtension done


Dynamic libraries:
08048000-08049000 r-xp 00000000 08:06 933094     /usr/local/jdk1.8.0_20/bin/java
08049000-0804a000 rw-p 00000000 08:06 933094     /usr/local/jdk1.8.0_20/bin/java
086fa000-08791000 rw-p 00000000 00:00 0          [heap]
85171000-85300000 rw-p 00000000 00:00 0 
85300000-8533b000 rw-p 00000000 00:00 0 
8533b000-85400000 ---p 00000000 00:00 0 
854ab000-85500000 rw-p 00000000 00:00 0 
85500000-85529000 rw-p 00000000 00:00 0 
85529000-85600000 ---p 00000000 00:00 0 
8562e000-8568e000 rw-p 00000000 00:00 0 
8568e000-8572e000 ---p 00000000 00:00 0 
8572e000-85899000 rw-s 00000000 00:04 203096093  /SYSV00000000 (deleted)
858d2000-85986000 rw-p 00000000 00:00 0 
85986000-85989000 ---p 00000000 00:00 0 
85989000-859d7000 rw-p 00000000 00:00 0          [stack:6529]
859d7000-859fd000 r-xp 00000000 08:06 1451624    /usr/local/jdk1.8.0_20/jre/lib/i386/libdcpr.so
859fd000-85a00000 rw-p 00025000 08:06 1451624    /usr/local/jdk1.8.0_20/jre/lib/i386/libdcpr.so
85a00000-85af8000 rw-p 00000000 00:00 0 
85af8000-85b00000 ---p 00000000 00:00 0 
85b00000-85c00000 rw-p 00000000 00:00 0 
85c00000-85cfb000 rw-p 00000000 00:00 0 
85cfb000-85d00000 ---p 00000000 00:00 0 
85d0c000-85d18000 r--s 00000000 08:06 1314143    /usr/share/fonts/type1/gsfonts/d050000l.pfb
85d18000-85d33000 r--s 00000000 08:06 1314194    /usr/share/fonts/type1/gsfonts/p052003l.pfb
85d33000-85d4f000 r--s 00000000 08:06 1314203    /usr/share/fonts/type1/gsfonts/p052024l.pfb
85d4f000-85d68000 r--s 00000000 08:06 1314119    /usr/share/fonts/type1/gsfonts/b018012l.pfb
85d68000-85d80000 r--s 00000000 08:06 1314140    /usr/share/fonts/type1/gsfonts/c059036l.pfb
85d80000-85d95000 r--s 00000000 08:06 1314125    /usr/share/fonts/type1/gsfonts/b018032l.pfb
85d95000-85da5000 r--s 00000000 08:06 1314107    /usr/share/fonts/type1/gsfonts/a010013l.pfb
85da5000-85dae000 r--s 00000000 08:06 1314206    /usr/share/fonts/type1/gsfonts/s050000l.pfb
85dae000-85dc0000 r--s 00000000 08:06 1314158    /usr/share/fonts/type1/gsfonts/n019043l.pfb
85dc0000-85dd1000 r--s 00000000 08:06 1314116    /usr/share/fonts/type1/gsfonts/a010035l.pfb
85dd1000-85de3000 r--s 00000000 08:06 1314128    /usr/share/fonts/type1/gsfonts/b018035l.pfb
85de3000-85dfd000 r--s 00000000 08:06 1314131    /usr/share/fonts/type1/gsfonts/c059013l.pfb
85dfd000-85dfe000 r--s 00000000 08:06 3801183    /var/cache/fontconfig/c05880de57d1f5e948fdfacc138775d9-le32d4.cache-4
85dfe000-85e06000 r--s 00000000 08:06 3801177    /var/cache/fontconfig/945677eb7aeaf62f1d50efc3fb3ec7d8-le32d4.cache-4
85e06000-85e08000 r--s 00000000 08:06 3811070    /var/cache/fontconfig/99e8ed0e538f840c565b6ed5dad60d56-le32d4.cache-4
85e08000-85e0e000 r--s 00000000 08:06 3811069    /var/cache/fontconfig/a6d8cf8e4ec09cdbc8633c31745a07dd-le32d4.cache-4
85e0e000-85e12000 r--s 00000000 08:06 3801163    /var/cache/fontconfig/2cd17615ca594fa2959ae173292e504c-le32d4.cache-4
85e12000-85e13000 r--s 00000000 08:06 3801193    /var/cache/fontconfig/e7071f4a29fa870f4323321c154eba04-le32d4.cache-4
85e13000-85e1a000 r--s 00000000 08:06 3810193    /var/cache/fontconfig/6d41288fd70b0be22e8c3a91e032eec0-le32d4.cache-4
85e1a000-85e29000 r--s 00000000 08:06 3801158    /var/cache/fontconfig/04aabc0a78ac019cf9454389977116d2-le32d4.cache-4
85e29000-85e58000 r--s 00000000 08:06 3810076    /var/cache/fontconfig/365b55f210c0a22e9a19e35191240f32-le32d4.cache-4
85e58000-85e5f000 r--s 00000000 08:06 3811068    /var/cache/fontconfig/52f7bdb7ce746bfd7eaa1985bd9cfa93-le32d4.cache-4
85e66000-85e76000 r--s 00000000 08:06 1314113    /usr/share/fonts/type1/gsfonts/a010033l.pfb
85e76000-85e89000 r--s 00000000 08:06 1314167    /usr/share/fonts/type1/gsfonts/n019064l.pfb
85e89000-85ea0000 r--s 00000000 08:06 1314209    /usr/share/fonts/type1/gsfonts/z003034l.pfb
85ea0000-85ebb000 r--s 00000000 08:06 1314200    /usr/share/fonts/type1/gsfonts/p052023l.pfb
85ebb000-85ecc000 r--s 00000000 08:06 1314164    /usr/share/fonts/type1/gsfonts/n019063l.pfb
85ecc000-85ee7000 r--s 00000000 08:06 1314197    /usr/share/fonts/type1/gsfonts/p052004l.pfb
85ee7000-85ef7000 r--s 00000000 08:06 1314110    /usr/share/fonts/type1/gsfonts/a010015l.pfb
85ef7000-85f12000 r--s 00000000 08:06 1314134    /usr/share/fonts/type1/gsfonts/c059016l.pfb
85f12000-85f25000 r--s 00000000 08:06 1314122    /usr/share/fonts/type1/gsfonts/b018015l.pfb
85f25000-85f3d000 r--s 00000000 08:06 1314137    /usr/share/fonts/type1/gsfonts/c059033l.pfb
85f3d000-85f4f000 r--s 00000000 08:06 1314161    /usr/share/fonts/type1/gsfonts/n019044l.pfb
85f4f000-85f59000 r--s 00000000 08:06 1446349    /usr/share/fonts/X11/Type1/c0419bt_.pfb
85f59000-85f63000 r--s 00000000 08:06 1446353    /usr/share/fonts/X11/Type1/c0583bt_.pfb
85f63000-85f6c000 r--s 00000000 08:06 1446361    /usr/share/fonts/X11/Type1/c0648bt_.pfb
85f6c000-85f76000 r--s 00000000 08:06 1446351    /usr/share/fonts/X11/Type1/c0582bt_.pfb
85f76000-85f7f000 r--s 00000000 08:06 1446363    /usr/share/fonts/X11/Type1/c0649bt_.pfb
85f7f000-85f88000 r--s 00000000 08:06 1446359    /usr/share/fonts/X11/Type1/c0633bt_.pfb
85f90000-85f92000 rw-p 00000000 00:00 0 
85f92000-85f9b000 r--s 00000000 08:06 1446357    /usr/share/fonts/X11/Type1/c0632bt_.pfb
85f9b000-85fa5000 r--s 00000000 08:06 1446355    /usr/share/fonts/X11/Type1/c0611bt_.pfb
85fa5000-85fa6000 r--s 00000000 08:06 3801160    /var/cache/fontconfig/0d8c3b2ac0904cb8a57a757ad11a4a08-le32d4.cache-4
85fa6000-85fab000 r--s 00000000 08:06 3801180    /var/cache/fontconfig/a755afe4a08bf5b97852ceb7400b47bc-le32d4.cache-4
85fab000-85fbb000 r--s 00000000 08:06 3801187    /var/cache/fontconfig/d52a8644073d54c13679302ca1180695-le32d4.cache-4
85fbb000-85fd1000 r--s 00000000 08:06 1314188    /usr/share/fonts/type1/gsfonts/n022023l.pfb
85fd1000-85fea000 r--s 00000000 08:06 1314173    /usr/share/fonts/type1/gsfonts/n021004l.pfb
85fea000-85ffe000 r--s 00000000 08:06 1314146    /usr/share/fonts/type1/gsfonts/n019003l.pfb
85ffe000-8605e000 r-xp 00000000 08:06 1451642    /usr/local/jdk1.8.0_20/jre/lib/i386/libt2k.so
8605e000-86062000 rw-p 00060000 08:06 1451642    /usr/local/jdk1.8.0_20/jre/lib/i386/libt2k.so
86062000-86066000 rw-p 00000000 00:00 0 
86066000-86077000 r--s 00000000 08:06 1314152    /usr/share/fonts/type1/gsfonts/n019023l.pfb
86077000-86090000 r--s 00000000 08:06 1314170    /usr/share/fonts/type1/gsfonts/n021003l.pfb
86090000-860a2000 r--s 00000000 08:06 1314149    /usr/share/fonts/type1/gsfonts/n019004l.pfb
860a2000-860b8000 r--s 00000000 08:06 1314191    /usr/share/fonts/type1/gsfonts/n022024l.pfb
860b8000-860cf000 r--s 00000000 08:06 1314176    /usr/share/fonts/type1/gsfonts/n021023l.pfb
860cf000-860e7000 r--s 00000000 08:06 1314182    /usr/share/fonts/type1/gsfonts/n022003l.pfb
860e7000-86100000 r--s 00000000 08:06 1314185    /usr/share/fonts/type1/gsfonts/n022004l.pfb
86100000-861fc000 rw-p 00000000 00:00 0 
861fc000-86200000 ---p 00000000 00:00 0 
86200000-86300000 rw-p 00000000 00:00 0 
86300000-86400000 rw-p 00000000 00:00 0 
86400000-864ff000 rw-p 00000000 00:00 0 
864ff000-86500000 ---p 00000000 00:00 0 
86500000-86600000 rw-p 00000000 00:00 0 
86600000-866fa000 rw-p 00000000 00:00 0 
866fa000-86700000 ---p 00000000 00:00 0 
86700000-86701000 r--s 00000000 08:06 3801162    /var/cache/fontconfig/1ac9eb803944fde146138c791f5cc56a-le32d4.cache-4
86701000-86704000 r--s 00000000 08:06 3801166    /var/cache/fontconfig/385c0604a188198f04d133e54aba7fe7-le32d4.cache-4
86704000-86706000 r--s 00000000 08:06 3801174    /var/cache/fontconfig/767a8244fc0220cfb567a839d0392e0b-le32d4.cache-4
86706000-86717000 r--s 00000000 08:06 1314155    /usr/share/fonts/type1/gsfonts/n019024l.pfb
86717000-8672d000 r--s 00000000 08:06 1314179    /usr/share/fonts/type1/gsfonts/n021024l.pfb
8672d000-8673c000 r-xp 00000000 08:06 1451640    /usr/local/jdk1.8.0_20/jre/lib/i386/libnio.so
8673c000-8673d000 rw-p 0000e000 08:06 1451640    /usr/local/jdk1.8.0_20/jre/lib/i386/libnio.so
8673d000-86740000 ---p 00000000 00:00 0 
86740000-8678e000 rw-p 00000000 00:00 0          [stack:6528]
8678e000-867fd000 r-xp 00000000 08:06 2757888    /tmp/sqlite-3.7.2-libsqlitejdbc.so
867fd000-867ff000 rw-p 0006e000 08:06 2757888    /tmp/sqlite-3.7.2-libsqlitejdbc.so
867ff000-86900000 rw-p 00000000 00:00 0 
86900000-86a00000 rw-p 00000000 00:00 0 
86a00000-86a28000 rw-p 00000000 00:00 0 
86a28000-86b00000 ---p 00000000 00:00 0 
86b00000-86b01000 r--s 00000000 08:06 3801190    /var/cache/fontconfig/dc05db6664285cc2f12bf69c139ae4c3-le32d4.cache-4
86b01000-86b02000 r--s 00000000 08:06 3809883    /var/cache/fontconfig/4794a0821666d79190d59a36cb4f44b5-le32d4.cache-4
86b02000-86b06000 r--s 00000000 08:06 3801176    /var/cache/fontconfig/8801497958630a81b71ace7c5f9b32a8-le32d4.cache-4
86b06000-86b0d000 r--s 00000000 08:06 3801167    /var/cache/fontconfig/3f7329c5293ffd510edef78f73874cfd-le32d4.cache-4
86b0d000-86b10000 ---p 00000000 00:00 0 
86b10000-86b5e000 rw-p 00000000 00:00 0          [stack:6526]
86b5e000-86b61000 ---p 00000000 00:00 0 
86b61000-86caf000 rw-p 00000000 00:00 0          [stack:6525]
86caf000-86daf000 rw-p 00000000 00:00 0 
86daf000-86db2000 ---p 00000000 00:00 0 
86db2000-86e00000 rw-p 00000000 00:00 0          [stack:6524]
86e00000-86ef9000 rw-p 00000000 00:00 0 
86ef9000-86f00000 ---p 00000000 00:00 0 
86f00000-86f05000 r--s 00000000 08:06 3801164    /var/cache/fontconfig/3047814df9a2f067bd2d96a2b9c36e5a-le32d4.cache-4
86f05000-86f0e000 r--s 00000000 08:06 3810191    /var/cache/fontconfig/d589a48862398ed80a3d6066f4f56f4c-le32d4.cache-4
86f0e000-86f2a000 r--s 00393000 08:06 1451604    /usr/local/jdk1.8.0_20/jre/lib/ext/cldrdata.jar
86f2a000-86f2d000 ---p 00000000 00:00 0 
86f2d000-86f7b000 rw-p 00000000 00:00 0          [stack:6523]
86f7b000-86f97000 r-xp 00000000 08:06 1441821    /lib/i386-linux-gnu/libgcc_s.so.1
86f97000-86f98000 rw-p 0001b000 08:06 1441821    /lib/i386-linux-gnu/libgcc_s.so.1
86f98000-86ff9000 r-xp 00000000 08:06 1451490    /usr/local/jdk1.8.0_20/jre/lib/i386/libfontmanager.so
86ff9000-86ffc000 rw-p 00060000 08:06 1451490    /usr/local/jdk1.8.0_20/jre/lib/i386/libfontmanager.so
86ffc000-87000000 rw-p 00000000 00:00 0 
87000000-87100000 rw-p 00000000 00:00 0 
87100000-87101000 r--s 00000000 08:06 3801170    /var/cache/fontconfig/56cf4f4769d0f4abc89a4895d7bd3ae1-le32d4.cache-4
87101000-87105000 r--s 00000000 08:06 3801181    /var/cache/fontconfig/b47c4e1ecd0709278f4910c18777a504-le32d4.cache-4
87105000-8711a000 r-xp 00000000 08:06 1451641    /usr/local/jdk1.8.0_20/jre/lib/i386/libnet.so
8711a000-8711b000 rw-p 00014000 08:06 1451641    /usr/local/jdk1.8.0_20/jre/lib/i386/libnet.so
8711b000-8724b000 r-xp 00000000 08:06 529597     /usr/lib/i386-linux-gnu/libX11.so.6.3.0
8724b000-8724c000 r--p 00130000 08:06 529597     /usr/lib/i386-linux-gnu/libX11.so.6.3.0
8724c000-8724e000 rw-p 00131000 08:06 529597     /usr/lib/i386-linux-gnu/libX11.so.6.3.0
8724e000-8724f000 rw-p 00000000 00:00 0 
8724f000-872d5000 r-xp 00000000 08:06 1451643    /usr/local/jdk1.8.0_20/jre/lib/i386/libawt.so
872d5000-872dc000 rw-p 00086000 08:06 1451643    /usr/local/jdk1.8.0_20/jre/lib/i386/libawt.so
872dc000-87300000 rw-p 00000000 00:00 0 
87300000-87400000 rw-p 00000000 00:00 0 
87400000-87409000 r-xp 00000000 08:06 529634     /usr/lib/i386-linux-gnu/libXrandr.so.2.2.0
87409000-8740a000 r--p 00008000 08:06 529634     /usr/lib/i386-linux-gnu/libXrandr.so.2.2.0
8740a000-8740b000 rw-p 00009000 08:06 529634     /usr/lib/i386-linux-gnu/libXrandr.so.2.2.0
8740b000-8742b000 r-xp 00000000 08:06 530667     /usr/lib/i386-linux-gnu/libxcb.so.1.1.0
8742b000-8742c000 r--p 0001f000 08:06 530667     /usr/lib/i386-linux-gnu/libxcb.so.1.1.0
8742c000-8742d000 rw-p 00020000 08:06 530667     /usr/lib/i386-linux-gnu/libxcb.so.1.1.0
8742d000-8747a000 r-xp 00000000 08:06 1451557    /usr/local/jdk1.8.0_20/jre/lib/i386/libawt_xawt.so
8747a000-8747c000 rw-p 0004c000 08:06 1451557    /usr/local/jdk1.8.0_20/jre/lib/i386/libawt_xawt.so
8747c000-8747d000 rw-p 00000000 00:00 0 
8747d000-8747e000 ---p 00000000 00:00 0 
8747e000-874fe000 rw-p 00000000 00:00 0          [stack:6521]
874fe000-87501000 ---p 00000000 00:00 0 
87501000-8757f000 rw-p 00000000 00:00 0          [stack:6519]
8757f000-87582000 ---p 00000000 00:00 0 
87582000-87600000 rw-p 00000000 00:00 0          [stack:6518]
87600000-87800000 r--p 00000000 08:06 532856     /usr/lib/locale/locale-archive
87800000-87821000 rw-p 00000000 00:00 0 
87821000-87900000 ---p 00000000 00:00 0 
87900000-87903000 r--s 00000000 08:06 3809700    /var/cache/fontconfig/7ef2298fde41cc6eeb7af42e48b7d293-le32d4.cache-4
87903000-87907000 r-xp 00000000 08:06 529616     /usr/lib/i386-linux-gnu/libXfixes.so.3.1.0
87907000-87908000 r--p 00003000 08:06 529616     /usr/lib/i386-linux-gnu/libXfixes.so.3.1.0
87908000-87909000 rw-p 00004000 08:06 529616     /usr/lib/i386-linux-gnu/libXfixes.so.3.1.0
87909000-87912000 r-xp 00000000 08:06 529608     /usr/lib/i386-linux-gnu/libXcursor.so.1.0.2
87912000-87913000 r--p 00008000 08:06 529608     /usr/lib/i386-linux-gnu/libXcursor.so.1.0.2
87913000-87914000 rw-p 00009000 08:06 529608     /usr/lib/i386-linux-gnu/libXcursor.so.1.0.2
87914000-87919000 r-xp 00000000 08:06 529612     /usr/lib/i386-linux-gnu/libXdmcp.so.6.0.0
87919000-8791a000 r--p 00004000 08:06 529612     /usr/lib/i386-linux-gnu/libXdmcp.so.6.0.0
8791a000-8791b000 rw-p 00005000 08:06 529612     /usr/lib/i386-linux-gnu/libXdmcp.so.6.0.0
8791b000-8792a000 r-xp 00000000 08:06 529622     /usr/lib/i386-linux-gnu/libXi.so.6.1.0
8792a000-8792b000 r--p 0000e000 08:06 529622     /usr/lib/i386-linux-gnu/libXi.so.6.1.0
8792b000-8792c000 rw-p 0000f000 08:06 529622     /usr/lib/i386-linux-gnu/libXi.so.6.1.0
8792c000-87931000 r-xp 00000000 08:06 529642     /usr/lib/i386-linux-gnu/libXtst.so.6.1.0
87931000-87932000 r--p 00004000 08:06 529642     /usr/lib/i386-linux-gnu/libXtst.so.6.1.0
87932000-87933000 rw-p 00005000 08:06 529642     /usr/lib/i386-linux-gnu/libXtst.so.6.1.0
87933000-8797f000 r--s 003e8000 08:04 389037     /media/arprast/ILMU/PROGRAMING/JAVA/belajar_java/NETBEANS/belajar/LIB/MANAGEMENT IT/jasperreports-5.0.4.jar
8797f000-87982000 ---p 00000000 00:00 0 
87982000-87a00000 rw-p 00000000 00:00 0          [stack:6517]
87a00000-87af8000 rw-p 00000000 00:00 0 
87af8000-87b00000 ---p 00000000 00:00 0 
87b00000-87b01000 r--s 00000000 08:06 3801182    /var/cache/fontconfig/b9d506c9ac06c20b433354fa67a72993-le32d4.cache-4
87b01000-87b02000 r--s 00000000 08:06 3801159    /var/cache/fontconfig/0c9eb80ebd1c36541ebe2852d3bb0c49-le32d4.cache-4
87b02000-87b0b000 r-xp 00000000 08:06 529636     /usr/lib/i386-linux-gnu/libXrender.so.1.3.0
87b0b000-87b0c000 r--p 00008000 08:06 529636     /usr/lib/i386-linux-gnu/libXrender.so.1.3.0
87b0c000-87b0d000 rw-p 00009000 08:06 529636     /usr/lib/i386-linux-gnu/libXrender.so.1.3.0
87b0d000-87b1e000 r-xp 00000000 08:06 529614     /usr/lib/i386-linux-gnu/libXext.so.6.4.0
87b1e000-87b1f000 r--p 00010000 08:06 529614     /usr/lib/i386-linux-gnu/libXext.so.6.4.0
87b1f000-87b20000 rw-p 00011000 08:06 529614     /usr/lib/i386-linux-gnu/libXext.so.6.4.0
87b20000-87b7f000 r--s 00589000 08:04 389035     /media/arprast/ILMU/PROGRAMING/JAVA/belajar_java/NETBEANS/belajar/LIB/MANAGEMENT IT/groovy-all-2.0.1.jar
87b7f000-87b80000 ---p 00000000 00:00 0 
87b80000-87c00000 rw-p 00000000 00:00 0          [stack:6513]
87c00000-87d00000 rw-p 00000000 00:00 0 
87d00000-87d0a000 r--s 00000000 08:06 1447042    /usr/share/fonts/type1/mathml/Symbol.pfb
87d0a000-87d14000 r--s 00116000 08:06 1451576    /usr/local/jdk1.8.0_20/jre/lib/ext/localedata.jar
87d14000-87d19000 r--s 00092000 08:06 1317587    /usr/local/jdk1.8.0_20/jre/lib/jsse.jar
87d19000-87d1c000 ---p 00000000 00:00 0 
87d1c000-87d6a000 rw-p 00000000 00:00 0          [stack:6520]
87d6a000-87f40000 r--s 03ca8000 08:06 1317594    /usr/local/jdk1.8.0_20/jre/lib/rt.jar
87f40000-88386000 rw-p 00000000 00:00 0 
88386000-8838c000 ---p 00000000 00:00 0 
8838c000-89400000 rw-p 00000000 00:00 0 
89400000-894f6000 rw-p 00000000 00:00 0 
894f6000-89500000 ---p 00000000 00:00 0 
89500000-89502000 r--s 00000000 08:06 3802171    /var/cache/fontconfig/e13b20fdb08344e0e664864cc2ede53d-le32d4.cache-4
89502000-89504000 r-xp 00000000 08:06 529601     /usr/lib/i386-linux-gnu/libXau.so.6.0.0
89504000-89505000 r--p 00001000 08:06 529601     /usr/lib/i386-linux-gnu/libXau.so.6.0.0
89505000-89506000 rw-p 00002000 08:06 529601     /usr/lib/i386-linux-gnu/libXau.so.6.0.0
89506000-89508000 r--s 00008000 08:04 390586     /media/arprast/ILMU/PROGRAMING/JAVA/belajar_java/NETBEANS/belajar/ARPRAST-MANAGEMENT-IT/lib/DateChooserDemo.jar
89508000-8950f000 r--s 000b7000 08:04 389043     /media/arprast/ILMU/PROGRAMING/JAVA/belajar_java/NETBEANS/belajar/LIB/MANAGEMENT IT/mysql-connector-java-5.1.18-bin.jar
8950f000-8951b000 r--s 000a6000 08:04 389041     /media/arprast/ILMU/PROGRAMING/JAVA/belajar_java/NETBEANS/belajar/LIB/MANAGEMENT IT/jxl.jar
8951b000-89524000 r--s 0005a000 08:04 389040     /media/arprast/ILMU/PROGRAMING/JAVA/belajar_java/NETBEANS/belajar/LIB/MANAGEMENT IT/jgoodies-looks-2.5.3.jar
89524000-8952e000 r--s 0011e000 08:04 389038     /media/arprast/ILMU/PROGRAMING/JAVA/belajar_java/NETBEANS/belajar/LIB/MANAGEMENT IT/jdt-compiler-3.1.1.jar
8952e000-89531000 ---p 00000000 00:00 0 
89531000-8957f000 rw-p 00000000 00:00 0          [stack:6516]
8957f000-89580000 ---p 00000000 00:00 0 
89580000-89600000 rw-p 00000000 00:00 0          [stack:6512]
89600000-896fe000 rw-p 00000000 00:00 0 
896fe000-89700000 ---p 00000000 00:00 0 
89700000-89721000 rw-p 00000000 00:00 0 
89721000-89800000 ---p 00000000 00:00 0 
89800000-8980d000 r--s 00108000 08:04 389036     /media/arprast/ILMU/PROGRAMING/JAVA/belajar_java/NETBEANS/belajar/LIB/MANAGEMENT IT/iText-2.1.7.js2.jar
8980d000-89813000 r--s 0002b000 08:04 389470     /media/arprast/ILMU/PROGRAMING/JAVA/belajar_java/NETBEANS/belajar/LIB/MANAGEMENT IT/commons-digester-2.1.jar
89813000-89819000 r--s 00025000 08:04 389469     /media/arprast/ILMU/PROGRAMING/JAVA/belajar_java/NETBEANS/belajar/LIB/MANAGEMENT IT/commons-collections-2.1.1.jar
89819000-89822000 r--s 00075000 08:04 389034     /media/arprast/ILMU/PROGRAMING/JAVA/belajar_java/NETBEANS/belajar/LIB/MANAGEMENT IT/DateChooser.jar
89822000-8982e000 r--s 000a4000 08:04 389047     /media/arprast/ILMU/PROGRAMING/JAVA/belajar_java/NETBEANS/belajar/LIB/MANAGEMENT IT/seaglasslookandfeel-0.2.jar
8982e000-89831000 ---p 00000000 00:00 0 
89831000-8987f000 rw-p 00000000 00:00 0          [stack:6515]
8987f000-89880000 ---p 00000000 00:00 0 
89880000-89900000 rw-p 00000000 00:00 0          [stack:6511]
89900000-89921000 rw-p 00000000 00:00 0 
89921000-89a00000 ---p 00000000 00:00 0 
89a00000-89a11000 r--s 00104000 08:04 389046     /media/arprast/ILMU/PROGRAMING/JAVA/belajar_java/NETBEANS/belajar/LIB/MANAGEMENT IT/JTattoo-1.6.10.jar
89a11000-89a14000 ---p 00000000 00:00 0 
89a14000-89a62000 rw-p 00000000 00:00 0          [stack:6514]
89a62000-89a63000 ---p 00000000 00:00 0 
89a63000-89ae3000 rw-p 00000000 00:00 0          [stack:6510]
89ae3000-89ae4000 ---p 00000000 00:00 0 
89ae4000-89b6e000 rw-p 00000000 00:00 0          [stack:6509]
89b6e000-89c00000 ---p 00000000 00:00 0 
89c00000-8b000000 rw-p 00000000 00:00 0 
8b000000-9d400000 ---p 00000000 00:00 0 
9d400000-9e580000 rw-p 00000000 00:00 0 
9e580000-a7000000 ---p 00000000 00:00 0 
a7000000-a7001000 r--s 00005000 08:04 389045     /media/arprast/ILMU/PROGRAMING/JAVA/belajar_java/NETBEANS/belajar/LIB/MANAGEMENT IT/org-netbeans-modules-java-j2seproject-copylibstask.jar
a7001000-a7006000 r--s 00034000 08:04 389468     /media/arprast/ILMU/PROGRAMING/JAVA/belajar_java/NETBEANS/belajar/LIB/MANAGEMENT IT/commons-beanutils-1.8.0.jar
a7006000-a705f000 rw-p 00000000 00:00 0 
a705f000-a70f1000 ---p 00000000 00:00 0 
a70f1000-a70fa000 rw-p 00000000 00:00 0 
a70fa000-a713f000 ---p 00000000 00:00 0 
a713f000-a7150000 rw-p 00000000 00:00 0 
a7150000-a7500000 ---p 00000000 00:00 0 
a7500000-a78f0000 rwxp 00000000 00:00 0 
a78f0000-b6500000 ---p 00000000 00:00 0 
b6500000-b65fa000 rw-p 00000000 00:00 0 
b65fa000-b6600000 ---p 00000000 00:00 0 
b6600000-b6603000 r--s 00022000 08:04 389042     /media/arprast/ILMU/PROGRAMING/JAVA/belajar_java/NETBEANS/belajar/LIB/MANAGEMENT IT/kazao-calendar 1.0.jar
b6603000-b665e000 rw-p 00000000 00:00 0 
b665e000-b6677000 r-xp 00000000 08:06 1451639    /usr/local/jdk1.8.0_20/jre/lib/i386/libzip.so
b6677000-b6678000 rw-p 00018000 08:06 1451639    /usr/local/jdk1.8.0_20/jre/lib/i386/libzip.so
b6678000-b6683000 r-xp 00000000 08:06 1441797    /lib/i386-linux-gnu/libnss_files-2.19.so
b6683000-b6684000 r--p 0000a000 08:06 1441797    /lib/i386-linux-gnu/libnss_files-2.19.so
b6684000-b6685000 rw-p 0000b000 08:06 1441797    /lib/i386-linux-gnu/libnss_files-2.19.so
b6685000-b668f000 r-xp 00000000 08:06 1441885    /lib/i386-linux-gnu/libnss_nis-2.19.so
b668f000-b6690000 r--p 00009000 08:06 1441885    /lib/i386-linux-gnu/libnss_nis-2.19.so
b6690000-b6691000 rw-p 0000a000 08:06 1441885    /lib/i386-linux-gnu/libnss_nis-2.19.so
b6691000-b66a6000 r-xp 00000000 08:06 1441882    /lib/i386-linux-gnu/libnsl-2.19.so
b66a6000-b66a7000 r--p 00015000 08:06 1441882    /lib/i386-linux-gnu/libnsl-2.19.so
b66a7000-b66a8000 rw-p 00016000 08:06 1441882    /lib/i386-linux-gnu/libnsl-2.19.so
b66a8000-b66aa000 rw-p 00000000 00:00 0 
b66aa000-b66b1000 r-xp 00000000 08:06 1441808    /lib/i386-linux-gnu/libnss_compat-2.19.so
b66b1000-b66b2000 r--p 00006000 08:06 1441808    /lib/i386-linux-gnu/libnss_compat-2.19.so
b66b2000-b66b3000 rw-p 00007000 08:06 1441808    /lib/i386-linux-gnu/libnss_compat-2.19.so
b66b3000-b66b5000 r--s 00007000 08:04 389039     /media/arprast/ILMU/PROGRAMING/JAVA/belajar_java/NETBEANS/belajar/LIB/MANAGEMENT IT/jgoodies-common-1.7.0.jar
b66b5000-b66b7000 r--s 0000d000 08:04 389471     /media/arprast/ILMU/PROGRAMING/JAVA/belajar_java/NETBEANS/belajar/LIB/MANAGEMENT IT/commons-logging-1.1.1.jar
b66b7000-b66bc000 r--s 00309000 08:04 389048     /media/arprast/ILMU/PROGRAMING/JAVA/belajar_java/NETBEANS/belajar/LIB/MANAGEMENT IT/sqlite-jdbc-3.7.2.jar
b66bc000-b66bd000 r--p 00855000 08:06 532856     /usr/lib/locale/locale-archive
b66bd000-b66be000 r--p 00859000 08:06 532856     /usr/lib/locale/locale-archive
b66be000-b66c9000 rw-p 00000000 00:00 0 
b66c9000-b66ed000 r-xp 00000000 08:06 1451626    /usr/local/jdk1.8.0_20/jre/lib/i386/libjava.so
b66ed000-b66ee000 rw-p 00023000 08:06 1451626    /usr/local/jdk1.8.0_20/jre/lib/i386/libjava.so
b66ee000-b66f5000 r-xp 00000000 08:06 1441823    /lib/i386-linux-gnu/librt-2.19.so
b66f5000-b66f6000 r--p 00006000 08:06 1441823    /lib/i386-linux-gnu/librt-2.19.so
b66f6000-b66f7000 rw-p 00007000 08:06 1441823    /lib/i386-linux-gnu/librt-2.19.so
b66f7000-b66fa000 ---p 00000000 00:00 0 
b66fa000-b6748000 rw-p 00000000 00:00 0          [stack:6508]
b6748000-b678c000 r-xp 00000000 08:06 1441883    /lib/i386-linux-gnu/libm-2.19.so
b678c000-b678d000 r--p 00043000 08:06 1441883    /lib/i386-linux-gnu/libm-2.19.so
b678d000-b678e000 rw-p 00044000 08:06 1441883    /lib/i386-linux-gnu/libm-2.19.so
b678e000-b70c8000 r-xp 00000000 08:06 1451506    /usr/local/jdk1.8.0_20/jre/lib/i386/server/libjvm.so
b70c8000-b7134000 rw-p 00939000 08:06 1451506    /usr/local/jdk1.8.0_20/jre/lib/i386/server/libjvm.so
b7134000-b7559000 rw-p 00000000 00:00 0 
b7559000-b7702000 r-xp 00000000 08:06 1441888    /lib/i386-linux-gnu/libc-2.19.so
b7702000-b7703000 ---p 001a9000 08:06 1441888    /lib/i386-linux-gnu/libc-2.19.so
b7703000-b7705000 r--p 001a9000 08:06 1441888    /lib/i386-linux-gnu/libc-2.19.so
b7705000-b7706000 rw-p 001ab000 08:06 1441888    /lib/i386-linux-gnu/libc-2.19.so
b7706000-b7709000 rw-p 00000000 00:00 0 
b7709000-b770c000 r-xp 00000000 08:06 1446098    /lib/i386-linux-gnu/libdl-2.19.so
b770c000-b770d000 r--p 00002000 08:06 1446098    /lib/i386-linux-gnu/libdl-2.19.so
b770d000-b770e000 rw-p 00003000 08:06 1446098    /lib/i386-linux-gnu/libdl-2.19.so
b770e000-b7722000 r-xp 00000000 08:06 933055     /usr/local/jdk1.8.0_20/lib/i386/jli/libjli.so
b7722000-b7723000 rw-p 00013000 08:06 933055     /usr/local/jdk1.8.0_20/lib/i386/jli/libjli.so
b7723000-b7724000 rw-p 00000000 00:00 0 
b7724000-b773c000 r-xp 00000000 08:06 1441896    /lib/i386-linux-gnu/libpthread-2.19.so
b773c000-b773d000 r--p 00017000 08:06 1441896    /lib/i386-linux-gnu/libpthread-2.19.so
b773d000-b773e000 rw-p 00018000 08:06 1441896    /lib/i386-linux-gnu/libpthread-2.19.so
b773e000-b7740000 rw-p 00000000 00:00 0 
b7740000-b7748000 rw-s 00000000 08:06 2757899    /tmp/hsperfdata_arprast/6503
b7748000-b7749000 rw-p 00000000 00:00 0 
b7749000-b774a000 r--p 00000000 00:00 0 
b774a000-b7755000 r-xp 00000000 08:06 1451586    /usr/local/jdk1.8.0_20/jre/lib/i386/libverify.so
b7755000-b7756000 rw-p 0000b000 08:06 1451586    /usr/local/jdk1.8.0_20/jre/lib/i386/libverify.so
b7756000-b7758000 rw-p 00000000 00:00 0 
b7758000-b7759000 r-xp 00000000 00:00 0          [vdso]
b7759000-b7779000 r-xp 00000000 08:06 1441897    /lib/i386-linux-gnu/ld-2.19.so
b7779000-b777a000 r--p 0001f000 08:06 1441897    /lib/i386-linux-gnu/ld-2.19.so
b777a000-b777b000 rw-p 00020000 08:06 1441897    /lib/i386-linux-gnu/ld-2.19.so
bfa0b000-bfa0c000 rwxp 00000000 00:00 0 
bfa3d000-bfa5f000 rw-p 00000000 00:00 0          [stack]

VM Arguments:
jvm_args: -Dfile.encoding=UTF-8 
java_command: arprast.hrdpro.Utama
java_class_path (initial): /media/arprast/ILMU/PROGRAMING/JAVA/belajar_java/NETBEANS/belajar/LIB/MANAGEMENT IT/JTattoo-1.6.10.jar:/media/arprast/ILMU/PROGRAMING/JAVA/belajar_java/NETBEANS/belajar/LIB/MANAGEMENT IT/seaglasslookandfeel-0.2.jar:/media/arprast/ILMU/PROGRAMING/JAVA/belajar_java/NETBEANS/belajar/LIB/MANAGEMENT IT/sqlite-jdbc-3.7.2.jar:/media/arprast/ILMU/PROGRAMING/JAVA/belajar_java/NETBEANS/belajar/LIB/MANAGEMENT IT/DateChooser.jar:/media/arprast/ILMU/PROGRAMING/JAVA/belajar_java/NETBEANS/belajar/LIB/MANAGEMENT IT/commons-beanutils-1.8.0.jar:/media/arprast/ILMU/PROGRAMING/JAVA/belajar_java/NETBEANS/belajar/LIB/MANAGEMENT IT/commons-collections-2.1.1.jar:/media/arprast/ILMU/PROGRAMING/JAVA/belajar_java/NETBEANS/belajar/LIB/MANAGEMENT IT/commons-digester-2.1.jar:/media/arprast/ILMU/PROGRAMING/JAVA/belajar_java/NETBEANS/belajar/LIB/MANAGEMENT IT/commons-logging-1.1.1.jar:/media/arprast/ILMU/PROGRAMING/JAVA/belajar_java/NETBEANS/belajar/LIB/MANAGEMENT IT/groovy-all-2.0.1.jar:/media/arprast/ILMU/PROGRAMING/JAVA/belajar_java/NETBEANS/belajar/LIB/MANAGEMENT IT/iText-2.1.7.js2.jar:/media/arprast/ILMU/PROGRAMING/JAVA/belajar_java/NETBEANS/belajar/LIB/MANAGEMENT IT/jasperreports-5.0.4.jar:/media/arprast/ILMU/PROGRAMING/JAVA/belajar_java/NETBEANS/belajar/LIB/MANAGEMENT IT/jdt-compiler-3.1.1.jar:/media/arprast/ILMU/PROGRAMING/JAVA/belajar_java/NETBEANS/belajar/LIB/MANAGEMENT IT/jgoodies-common-1.7.0.jar:/media/arprast/ILMU/PROGRAMING/JAVA/belajar_java/NETBEANS/belajar/LIB/MANAGEMENT IT/jgoodies-looks-2.5.3.jar:/media/arprast/ILMU/PROGRAMING/JAVA/belajar_java/NETBEANS/belajar/LIB/MANAGEMENT IT/jxl.jar:/media/arprast/ILMU/PROGRAMING/JAVA/belajar_java/NETBEANS/belajar/LIB/MANAGEMENT IT/kazao-calendar 1.0.jar:/media/arprast/ILMU/PROGRAMING/JAVA/belajar_java/NETBEANS/belajar/LIB/MANAGEMENT IT/mysql-connector-java-5.1.18-bin.jar:/media/arprast/ILMU/PROGRAMING/JAVA/belajar_java/NETBEANS/belajar/LIB/MANAGEMENT IT/org-netbeans-modules-java-j2seproject-copylibstask.jar:/med
Launcher Type: SUN_STANDARD

Environment Variables:
PATH=/usr/local/sbin:/usr/local/bin:/usr/sbin:/usr/bin:/sbin:/bin:/usr/games:/usr/local/games
LD_LIBRARY_PATH=/usr/local/jdk1.8.0_20/jre/lib/amd64:/usr/local/jdk1.8.0_20/jre/lib/i386:
SHELL=/bin/bash
DISPLAY=:0

Signal Handlers:
SIGSEGV: [libjvm.so+0x891f70], sa_mask[0]=11111111011111111101111111111110, sa_flags=SA_RESTART|SA_SIGINFO
SIGBUS: [libjvm.so+0x891f70], sa_mask[0]=11111111011111111101111111111110, sa_flags=SA_RESTART|SA_SIGINFO
SIGFPE: [libjvm.so+0x71d8e0], sa_mask[0]=11111111011111111101111111111110, sa_flags=SA_RESTART|SA_SIGINFO
SIGPIPE: [libjvm.so+0x71d8e0], sa_mask[0]=11111111011111111101111111111110, sa_flags=SA_RESTART|SA_SIGINFO
SIGXFSZ: [libjvm.so+0x71d8e0], sa_mask[0]=11111111011111111101111111111110, sa_flags=SA_RESTART|SA_SIGINFO
SIGILL: [libjvm.so+0x71d8e0], sa_mask[0]=11111111011111111101111111111110, sa_flags=SA_RESTART|SA_SIGINFO
SIGUSR1: SIG_DFL, sa_mask[0]=00000000000000000000000000000000, sa_flags=none
SIGUSR2: [libjvm.so+0x71f090], sa_mask[0]=00100000000000000000000000000000, sa_flags=SA_RESTART|SA_SIGINFO
SIGHUP: [libjvm.so+0x720590], sa_mask[0]=11111111011111111101111111111110, sa_flags=SA_RESTART|SA_SIGINFO
SIGINT: SIG_IGN, sa_mask[0]=00000000000000000000000000000000, sa_flags=none
SIGTERM: [libjvm.so+0x720590], sa_mask[0]=11111111011111111101111111111110, sa_flags=SA_RESTART|SA_SIGINFO
SIGQUIT: [libjvm.so+0x720590], sa_mask[0]=11111111011111111101111111111110, sa_flags=SA_RESTART|SA_SIGINFO


---------------  S Y S T E M  ---------------

OS:DISTRIB_ID=Ubuntu
DISTRIB_RELEASE=14.04
DISTRIB_CODENAME=trusty
DISTRIB_DESCRIPTION="Ubuntu 14.04.1 LTS"

uname:Linux 3.13.0-36-generic #63-Ubuntu SMP Wed Sep 3 21:30:45 UTC 2014 i686
libc:glibc 2.19 NPTL 2.19 
rlimit: STACK 8192k, CORE 0k, NPROC 14821, NOFILE 4096, AS infinity
load average:0,90 0,65 0,50

/proc/meminfo:
MemTotal:        1916364 kB
MemFree:          129920 kB
Buffers:           13976 kB
Cached:           387380 kB
SwapCached:        21572 kB
Active:           865920 kB
Inactive:         818108 kB
Active(anon):     764148 kB
Inactive(anon):   765948 kB
Active(file):     101772 kB
Inactive(file):    52160 kB
Unevictable:          48 kB
Mlocked:              48 kB
HighTotal:       1034724 kB
HighFree:          25064 kB
LowTotal:         881640 kB
LowFree:          104856 kB
SwapTotal:       1938428 kB
SwapFree:        1352784 kB
Dirty:               472 kB
Writeback:             0 kB
AnonPages:       1269164 kB
Mapped:           105188 kB
Shmem:            247344 kB
Slab:              51192 kB
SReclaimable:      25580 kB
SUnreclaim:        25612 kB
KernelStack:        4992 kB
PageTables:        14480 kB
NFS_Unstable:          0 kB
Bounce:                0 kB
WritebackTmp:          0 kB
CommitLimit:     2896608 kB
Committed_AS:    5773660 kB
VmallocTotal:     122880 kB
VmallocUsed:       16212 kB
VmallocChunk:     103356 kB
HardwareCorrupted:     0 kB
AnonHugePages:    479232 kB
HugePages_Total:       0
HugePages_Free:        0
HugePages_Rsvd:        0
HugePages_Surp:        0
Hugepagesize:       2048 kB
DirectMap4k:       32760 kB
DirectMap2M:      880640 kB


CPU:total 4 (2 cores per cpu, 2 threads per core) family 6 model 37 stepping 5, cmov, cx8, fxsr, mmx, sse, sse2, sse3, ssse3, sse4.1, sse4.2, popcnt, ht, tsc, tscinvbit

/proc/cpuinfo:
processor	: 0
vendor_id	: GenuineIntel
cpu family	: 6
model		: 37
model name	: Intel(R) Core(TM) i3 CPU       M 380  @ 2.53GHz
stepping	: 5
microcode	: 0x2
cpu MHz		: 2266.000
cache size	: 3072 KB
physical id	: 0
siblings	: 4
core id		: 0
cpu cores	: 2
apicid		: 0
initial apicid	: 0
fdiv_bug	: no
f00f_bug	: no
coma_bug	: no
fpu		: yes
fpu_exception	: yes
cpuid level	: 11
wp		: yes
flags		: fpu vme de pse tsc msr pae mce cx8 apic sep mtrr pge mca cmov pat pse36 clflush dts acpi mmx fxsr sse sse2 ss ht tm pbe nx rdtscp lm constant_tsc arch_perfmon pebs bts xtopology nonstop_tsc aperfmperf pni dtes64 monitor ds_cpl vmx est tm2 ssse3 cx16 xtpr pdcm pcid sse4_1 sse4_2 popcnt lahf_lm arat dtherm tpr_shadow vnmi flexpriority ept vpid
bogomips	: 5053.64
clflush size	: 64
cache_alignment	: 64
address sizes	: 36 bits physical, 48 bits virtual
power management:

processor	: 1
vendor_id	: GenuineIntel
cpu family	: 6
model		: 37
model name	: Intel(R) Core(TM) i3 CPU       M 380  @ 2.53GHz
stepping	: 5
microcode	: 0x2
cpu MHz		: 1733.000
cache size	: 3072 KB
physical id	: 0
siblings	: 4
core id		: 2
cpu cores	: 2
apicid		: 4
initial apicid	: 4
fdiv_bug	: no
f00f_bug	: no
coma_bug	: no
fpu		: yes
fpu_exception	: yes
cpuid level	: 11
wp		: yes
flags		: fpu vme de pse tsc msr pae mce cx8 apic sep mtrr pge mca cmov pat pse36 clflush dts acpi mmx fxsr sse sse2 ss ht tm pbe nx rdtscp lm constant_tsc arch_perfmon pebs bts xtopology nonstop_tsc aperfmperf pni dtes64 monitor ds_cpl vmx est tm2 ssse3 cx16 xtpr pdcm pcid sse4_1 sse4_2 popcnt lahf_lm arat dtherm tpr_shadow vnmi flexpriority ept vpid
bogomips	: 5053.64
clflush size	: 64
cache_alignment	: 64
address sizes	: 36 bits physical, 48 bits virtual
power management:

processor	: 2
vendor_id	: GenuineIntel
cpu family	: 6
model		: 37
model name	: Intel(R) Core(TM) i3 CPU       M 380  @ 2.53GHz
stepping	: 5
microcode	: 0x2
cpu MHz		: 933.000
cache size	: 3072 KB
physical id	: 0
siblings	: 4
core id		: 0
cpu cores	: 2
apicid		: 1
initial apicid	: 1
fdiv_bug	: no
f00f_bug	: no
coma_bug	: no
fpu		: yes
fpu_exception	: yes
cpuid level	: 11
wp		: yes
flags		: fpu vme de pse tsc msr pae mce cx8 apic sep mtrr pge mca cmov pat pse36 clflush dts acpi mmx fxsr sse sse2 ss ht tm pbe nx rdtscp lm constant_tsc arch_perfmon pebs bts xtopology nonstop_tsc aperfmperf pni dtes64 monitor ds_cpl vmx est tm2 ssse3 cx16 xtpr pdcm pcid sse4_1 sse4_2 popcnt lahf_lm arat dtherm tpr_shadow vnmi flexpriority ept vpid
bogomips	: 5053.64
clflush size	: 64
cache_alignment	: 64
address sizes	: 36 bits physical, 48 bits virtual
power management:

processor	: 3
vendor_id	: GenuineIntel
cpu family	: 6
model		: 37
model name	: Intel(R) Core(TM) i3 CPU       M 380  @ 2.53GHz
stepping	: 5
microcode	: 0x2
cpu MHz		: 2533.000
cache size	: 3072 KB
physical id	: 0
siblings	: 4
core id		: 2
cpu cores	: 2
apicid		: 5
initial apicid	: 5
fdiv_bug	: no
f00f_bug	: no
coma_bug	: no
fpu		: yes
fpu_exception	: yes
cpuid level	: 11
wp		: yes
flags		: fpu vme de pse tsc msr pae mce cx8 apic sep mtrr pge mca cmov pat pse36 clflush dts acpi mmx fxsr sse sse2 ss ht tm pbe nx rdtscp lm constant_tsc arch_perfmon pebs bts xtopology nonstop_tsc aperfmperf pni dtes64 monitor ds_cpl vmx est tm2 ssse3 cx16 xtpr pdcm pcid sse4_1 sse4_2 popcnt lahf_lm arat dtherm tpr_shadow vnmi flexpriority ept vpid
bogomips	: 5053.64
clflush size	: 64
cache_alignment	: 64
address sizes	: 36 bits physical, 48 bits virtual
power management:



Memory: 4k page, physical 1916364k(129796k free), swap 1938428k(1352784k free)

vm_info: Java HotSpot(TM) Server VM (25.20-b23) for linux-x86 JRE (1.8.0_20-b26), built on Jul 30 2014 13:29:53 by "java_re" with gcc 4.3.0 20080428 (Red Hat 4.3.0-8)

time: Tue Oct 21 12:11:13 2014
elapsed time: 7 seconds (0d 0h 0m 7s)

